<?xml version="1.0" encoding="UTF-8"?>
<robot generator="Robot 6.1 (Python 3.12.2 on win32)" generated="20240219 14:15:48.378" rpa="false" schemaversion="4">
<suite id="s1" name="Teste" source="C:\Users\Cliente\Documents\robotdddd\RepoGuiRobot\tests\teste.robot">
<test id="s1-t1" name="Cenário 4: Compra realizada com sucesso" line="32">
<kw name="Abrir o navegador" library="setup" type="SETUP">
<kw name="Open Browser" library="SeleniumLibrary">
<arg>about:blank</arg>
<arg>firefox</arg>
<doc>Opens a new browser instance to the optional ``url``.</doc>
<msg timestamp="20240219 14:15:48.592" level="INFO">Opening browser 'firefox' to base url 'about:blank'.</msg>
<status status="PASS" starttime="20240219 14:15:48.592" endtime="20240219 14:15:54.792"/>
</kw>
<kw name="Set Window Size" library="SeleniumLibrary">
<arg>1400</arg>
<arg>1000</arg>
<doc>Sets current windows size to given ``width`` and ``height``.</doc>
<status status="PASS" starttime="20240219 14:15:54.792" endtime="20240219 14:15:55.066"/>
</kw>
<status status="PASS" starttime="20240219 14:15:48.592" endtime="20240219 14:15:55.066"/>
</kw>
<kw name="Dado que estou logado no sistema" library="buy_st">
<kw name="Go To" library="SeleniumLibrary">
<arg>${URL}</arg>
<doc>Navigates the current browser window to the provided ``url``.</doc>
<msg timestamp="20240219 14:15:55.077" level="INFO">Opening url 'http://www.automationpractice.pl/index.php'</msg>
<status status="PASS" starttime="20240219 14:15:55.066" endtime="20240219 14:15:59.669"/>
</kw>
<kw name="Wait Until Element Is Visible" library="SeleniumLibrary">
<arg>${HOME.YOUR_LOGO}</arg>
<doc>Waits until the element ``locator`` is visible.</doc>
<status status="PASS" starttime="20240219 14:15:59.669" endtime="20240219 14:15:59.718"/>
</kw>
<kw name="Click Element" library="SeleniumLibrary">
<arg>${HOME.BTN_SIGNIN}</arg>
<doc>Click the element identified by ``locator``.</doc>
<msg timestamp="20240219 14:15:59.722" level="INFO">Clicking element 'xpath://a[contains(.,'Sign in')]'.</msg>
<status status="PASS" starttime="20240219 14:15:59.719" endtime="20240219 14:16:00.829"/>
</kw>
<kw name="Input Text" library="SeleniumLibrary">
<arg>${LOGIN.CP_EMAIL}</arg>
<arg>${EMAIL}</arg>
<doc>Types the given ``text`` into the text field identified by ``locator``.</doc>
<msg timestamp="20240219 14:16:00.832" level="INFO">Typing text 'guilhermevargascarmo@gmail.com' into text field 'email'.</msg>
<status status="PASS" starttime="20240219 14:16:00.830" endtime="20240219 14:16:00.910"/>
</kw>
<kw name="Input Text" library="SeleniumLibrary">
<arg>${LOGIN.CP_PASSWORD}</arg>
<arg>${SENHA}</arg>
<doc>Types the given ``text`` into the text field identified by ``locator``.</doc>
<msg timestamp="20240219 14:16:00.912" level="INFO">Typing text 'Fc230978@' into text field 'passwd'.</msg>
<status status="PASS" starttime="20240219 14:16:00.910" endtime="20240219 14:16:00.947"/>
</kw>
<kw name="Click Element" library="SeleniumLibrary">
<arg>${LOGIN.BTN_LOGIN}</arg>
<doc>Click the element identified by ``locator``.</doc>
<msg timestamp="20240219 14:16:00.949" level="INFO">Clicking element 'SubmitLogin'.</msg>
<status status="PASS" starttime="20240219 14:16:00.947" endtime="20240219 14:16:02.146"/>
</kw>
<kw name="Page Should Contain" library="SeleniumLibrary">
<arg>My account</arg>
<doc>Verifies that current page contains ``text``.</doc>
<msg timestamp="20240219 14:16:02.160" level="INFO">Current page contains text 'My account'.</msg>
<status status="PASS" starttime="20240219 14:16:02.146" endtime="20240219 14:16:02.160"/>
</kw>
<status status="PASS" starttime="20240219 14:15:55.066" endtime="20240219 14:16:02.160"/>
</kw>
<kw name="Quando clico na aba women" library="buy_st">
<kw name="Click Element" library="SeleniumLibrary">
<arg>${PRODUCT.BTN_WOMEN}</arg>
<doc>Click the element identified by ``locator``.</doc>
<msg timestamp="20240219 14:16:02.162" level="INFO">Clicking element 'xpath://*[@id="block_top_menu"]/ul/li[1]/a'.</msg>
<status status="PASS" starttime="20240219 14:16:02.162" endtime="20240219 14:16:04.328"/>
</kw>
<kw name="Wait Until Element Contains" library="SeleniumLibrary">
<arg>${WOMEN.BEADCRUMB_WOMEN}</arg>
<arg>Women</arg>
<doc>Waits until the element ``locator`` contains ``text``.</doc>
<status status="PASS" starttime="20240219 14:16:04.328" endtime="20240219 14:16:04.363"/>
</kw>
<status status="PASS" starttime="20240219 14:16:02.162" endtime="20240219 14:16:04.363"/>
</kw>
<kw name="E seleciono um produto" library="buy_st">
<kw name="Wait Until Element Is Visible" library="SeleniumLibrary">
<arg>${WOMEN.BTN_COMPARE}</arg>
<doc>Waits until the element ``locator`` is visible.</doc>
<status status="PASS" starttime="20240219 14:16:04.363" endtime="20240219 14:16:04.384"/>
</kw>
<kw name="Scroll Element Into View" library="SeleniumLibrary">
<arg>${WOMEN.BTN_COMPARE}</arg>
<doc>Scrolls the element identified by ``locator`` into view.</doc>
<status status="PASS" starttime="20240219 14:16:04.384" endtime="20240219 14:16:04.681"/>
</kw>
<kw name="Click Element" library="SeleniumLibrary">
<arg>${WOMEN.PRIMEIRA_OPCAO_WOMAN}</arg>
<doc>Click the element identified by ``locator``.</doc>
<msg timestamp="20240219 14:16:04.683" level="INFO">Clicking element '(//a[@class='product-name'])[4]'.</msg>
<status status="PASS" starttime="20240219 14:16:04.681" endtime="20240219 14:16:05.748"/>
</kw>
<status status="PASS" starttime="20240219 14:16:04.363" endtime="20240219 14:16:05.748"/>
</kw>
<kw name="E altero o tamanho" library="buy_st">
<kw name="Wait Until Element Is Visible" library="SeleniumLibrary">
<arg>${CARRINHO.LABEL_TITLE}</arg>
<arg>8</arg>
<doc>Waits until the element ``locator`` is visible.</doc>
<status status="PASS" starttime="20240219 14:16:05.748" endtime="20240219 14:16:05.783"/>
</kw>
<kw name="Select From List By Value" library="SeleniumLibrary">
<arg>group_1</arg>
<arg>2</arg>
<doc>Selects options from selection list ``locator`` by ``values``.</doc>
<msg timestamp="20240219 14:16:05.783" level="INFO">Selecting options from selection list 'group_1' by value 2.</msg>
<status status="PASS" starttime="20240219 14:16:05.783" endtime="20240219 14:16:05.860"/>
</kw>
<kw name="Click Element" library="SeleniumLibrary">
<arg>${CARRINHO.ADD_TO_CARD}</arg>
<doc>Click the element identified by ``locator``.</doc>
<msg timestamp="20240219 14:16:05.860" level="INFO">Clicking element 'xpath://span[contains(.,'Add to cart')]'.</msg>
<status status="PASS" starttime="20240219 14:16:05.860" endtime="20240219 14:16:06.113"/>
</kw>
<kw name="Wait Until Page Contains" library="SeleniumLibrary">
<arg>Product successfully added to your shopping cart</arg>
<doc>Waits until ``text`` appears on the current page.</doc>
<status status="PASS" starttime="20240219 14:16:06.113" endtime="20240219 14:16:06.120"/>
</kw>
<kw name="Wait Until Element Is Visible" library="SeleniumLibrary">
<arg>${PRODUCT.BTN_PROCEED_CHECKOUT}</arg>
<arg>6</arg>
<doc>Waits until the element ``locator`` is visible.</doc>
<status status="PASS" starttime="20240219 14:16:06.120" endtime="20240219 14:16:06.364"/>
</kw>
<kw name="Click Element" library="SeleniumLibrary">
<arg>${PRODUCT.BTN_PROCEED_CHECKOUT}</arg>
<doc>Click the element identified by ``locator``.</doc>
<msg timestamp="20240219 14:16:06.366" level="INFO">Clicking element 'xpath://*[@id="layer_cart"]/div[1]/div[2]/div[4]/a/span'.</msg>
<status status="PASS" starttime="20240219 14:16:06.364" endtime="20240219 14:16:07.991"/>
</kw>
<kw name="Wait Until Page Contains" library="SeleniumLibrary">
<arg>Shopping-cart summary</arg>
<arg>6</arg>
<doc>Waits until ``text`` appears on the current page.</doc>
<status status="PASS" starttime="20240219 14:16:07.991" endtime="20240219 14:16:07.996"/>
</kw>
<kw name="Click Element" library="SeleniumLibrary">
<arg>${PRODUCT.BTN_PROCEED_CHECKOUT_2}</arg>
<doc>Click the element identified by ``locator``.</doc>
<msg timestamp="20240219 14:16:07.996" level="INFO">Clicking element 'xpath://*[@id="center_column"]/p[2]/a[1]/span'.</msg>
<status status="PASS" starttime="20240219 14:16:07.996" endtime="20240219 14:16:09.277"/>
</kw>
<status status="PASS" starttime="20240219 14:16:05.748" endtime="20240219 14:16:09.277"/>
</kw>
<kw name="E preencho o endereco de entrega" library="buy_st">
<kw name="Wait Until Element Is Visible" library="SeleniumLibrary">
<arg>${ADRESS.CP_FIRST_NAME}</arg>
<arg>8</arg>
<doc>Waits until the element ``locator`` is visible.</doc>
<status status="PASS" starttime="20240219 14:16:09.280" endtime="20240219 14:16:09.313"/>
</kw>
<kw name="Click Element" library="SeleniumLibrary">
<arg>${ADRESS.CP_FIRST_NAME}</arg>
<doc>Click the element identified by ``locator``.</doc>
<msg timestamp="20240219 14:16:09.313" level="INFO">Clicking element 'firstname'.</msg>
<status status="PASS" starttime="20240219 14:16:09.313" endtime="20240219 14:16:09.566"/>
</kw>
<kw name="Click Element" library="SeleniumLibrary">
<arg>${ADRESS.CP_LAST_NAME}</arg>
<doc>Click the element identified by ``locator``.</doc>
<msg timestamp="20240219 14:16:09.573" level="INFO">Clicking element 'lastname'.</msg>
<status status="PASS" starttime="20240219 14:16:09.570" endtime="20240219 14:16:09.810"/>
</kw>
<kw name="Input Text" library="SeleniumLibrary">
<arg>${ADRESS.CP_ADRESS}</arg>
<arg>${ADRESS1}</arg>
<doc>Types the given ``text`` into the text field identified by ``locator``.</doc>
<msg timestamp="20240219 14:16:09.812" level="INFO">Typing text 'Av Teste Da silva 44' into text field 'address1'.</msg>
<status status="PASS" starttime="20240219 14:16:09.810" endtime="20240219 14:16:09.852"/>
</kw>
<kw name="Input Text" library="SeleniumLibrary">
<arg>${ADRESS.CP_CITY}</arg>
<arg>${CITY}</arg>
<doc>Types the given ``text`` into the text field identified by ``locator``.</doc>
<msg timestamp="20240219 14:16:09.858" level="INFO">Typing text 'SAO PAULO' into text field 'city'.</msg>
<status status="PASS" starttime="20240219 14:16:09.852" endtime="20240219 14:16:09.891"/>
</kw>
<kw name="Click Element" library="SeleniumLibrary">
<arg>${ADRESS.CP_STATE}</arg>
<doc>Click the element identified by ``locator``.</doc>
<msg timestamp="20240219 14:16:09.895" level="INFO">Clicking element 'xpath://*[@id="id_state"]/option[6]'.</msg>
<status status="PASS" starttime="20240219 14:16:09.891" endtime="20240219 14:16:10.130"/>
</kw>
<kw name="Input Text" library="SeleniumLibrary">
<arg>${ADRESS.CP_POSTAL_CODE}</arg>
<arg>${POSTAL_CODE}</arg>
<doc>Types the given ``text`` into the text field identified by ``locator``.</doc>
<msg timestamp="20240219 14:16:10.130" level="INFO">Typing text '75202' into text field 'postcode'.</msg>
<status status="PASS" starttime="20240219 14:16:10.130" endtime="20240219 14:16:10.159"/>
</kw>
<kw name="Input Text" library="SeleniumLibrary">
<arg>${ADRESS.CP_HOME_PHONE}</arg>
<arg>${HOME_PHONE}</arg>
<doc>Types the given ``text`` into the text field identified by ``locator``.</doc>
<msg timestamp="20240219 14:16:10.166" level="INFO">Typing text '55272744' into text field 'phone'.</msg>
<status status="PASS" starttime="20240219 14:16:10.159" endtime="20240219 14:16:10.204"/>
</kw>
<kw name="Input Text" library="SeleniumLibrary">
<arg>${ADRESS.CP_MOBILE_PHONE}</arg>
<arg>${MOBILE_FONE}</arg>
<doc>Types the given ``text`` into the text field identified by ``locator``.</doc>
<msg timestamp="20240219 14:16:10.208" level="INFO">Typing text '11949437192' into text field 'phone_mobile'.</msg>
<status status="PASS" starttime="20240219 14:16:10.204" endtime="20240219 14:16:10.244"/>
</kw>
<kw name="Input Text" library="SeleniumLibrary">
<arg>${ADRESS.CP_ADDITIONAL_INFORMATION}</arg>
<arg>${ADDITIONAL_INFORMATION}</arg>
<doc>Types the given ``text`` into the text field identified by ``locator``.</doc>
<msg timestamp="20240219 14:16:10.247" level="INFO">Typing text 'entregar com muito cuidado' into text field 'other'.</msg>
<status status="PASS" starttime="20240219 14:16:10.244" endtime="20240219 14:16:10.295"/>
</kw>
<kw name="Click Element" library="SeleniumLibrary">
<arg>${ADRESS.CP_TITLE_FUTURE_REFERENCE}</arg>
<doc>Click the element identified by ``locator``.</doc>
<msg timestamp="20240219 14:16:10.295" level="INFO">Clicking element 'alias'.</msg>
<status status="PASS" starttime="20240219 14:16:10.295" endtime="20240219 14:16:10.598"/>
</kw>
<kw name="Click Element" library="SeleniumLibrary">
<arg>${ADRESS.BTN_SAVE}</arg>
<doc>Click the element identified by ``locator``.</doc>
<msg timestamp="20240219 14:16:10.598" level="INFO">Clicking element 'submitAddress'.</msg>
<status status="PASS" starttime="20240219 14:16:10.598" endtime="20240219 14:16:12.296"/>
</kw>
<status status="PASS" starttime="20240219 14:16:09.280" endtime="20240219 14:16:12.296"/>
</kw>
<kw name="E clico para fazer checkout" library="buy_st">
<kw name="Wait Until Element Is Visible" library="SeleniumLibrary">
<arg>${ADRESS.BTN_PROCEED_ADRESS}</arg>
<arg>8</arg>
<doc>Waits until the element ``locator`` is visible.</doc>
<status status="PASS" starttime="20240219 14:16:12.298" endtime="20240219 14:16:12.316"/>
</kw>
<kw name="Click Element" library="SeleniumLibrary">
<arg>${ADRESS.BTN_PROCEED_ADRESS}</arg>
<doc>Click the element identified by ``locator``.</doc>
<msg timestamp="20240219 14:16:12.318" level="INFO">Clicking element 'processAddress'.</msg>
<status status="PASS" starttime="20240219 14:16:12.318" endtime="20240219 14:16:14.197"/>
</kw>
<kw name="Click Element" library="SeleniumLibrary">
<arg>${SERVICE.CHECK_BOX_TERMS_OF_SERVICE}</arg>
<doc>Click the element identified by ``locator``.</doc>
<msg timestamp="20240219 14:16:14.200" level="INFO">Clicking element 'cgv'.</msg>
<status status="PASS" starttime="20240219 14:16:14.197" endtime="20240219 14:16:14.430"/>
</kw>
<kw name="Click Element" library="SeleniumLibrary">
<arg>${SERVICE.BTN_PROCEED_CARRIER}</arg>
<doc>Click the element identified by ``locator``.</doc>
<msg timestamp="20240219 14:16:14.437" level="INFO">Clicking element 'processCarrier'.</msg>
<status status="PASS" starttime="20240219 14:16:14.430" endtime="20240219 14:16:15.794"/>
</kw>
<status status="PASS" starttime="20240219 14:16:12.298" endtime="20240219 14:16:15.794"/>
</kw>
<kw name="Entao escolhe a forma de pagamento" library="buy_st">
<kw name="Click Element" library="SeleniumLibrary">
<arg>${PAYMENT.BTN_PAY_BY_BANK}</arg>
<doc>Click the element identified by ``locator``.</doc>
<msg timestamp="20240219 14:16:15.798" level="INFO">Clicking element 'xpath://*[@id="HOOK_PAYMENT"]/div[1]/div/p/a'.</msg>
<status status="PASS" starttime="20240219 14:16:15.796" endtime="20240219 14:16:16.381"/>
</kw>
<status status="PASS" starttime="20240219 14:16:15.795" endtime="20240219 14:16:16.381"/>
</kw>
<kw name="E clico para comprar" library="buy_st">
<kw name="Click Element" library="SeleniumLibrary">
<arg>${PAYMENT.BTN_CONFIRM_MY_ORDER}</arg>
<doc>Click the element identified by ``locator``.</doc>
<msg timestamp="20240219 14:16:16.385" level="INFO">Clicking element 'xpath://*[@id="cart_navigation"]/button/span'.</msg>
<status status="PASS" starttime="20240219 14:16:16.383" endtime="20240219 14:16:21.625"/>
</kw>
<kw name="Wait Until Page Contains" library="SeleniumLibrary">
<arg>Your order on My Shop is complete.</arg>
<doc>Waits until ``text`` appears on the current page.</doc>
<status status="PASS" starttime="20240219 14:16:21.625" endtime="20240219 14:16:22.908"/>
</kw>
<status status="PASS" starttime="20240219 14:16:16.382" endtime="20240219 14:16:22.908"/>
</kw>
<kw name="E a compra e realizada com sucesso" library="buy_st">
<kw name="Wait Until Element Is Visible" library="SeleniumLibrary">
<arg>${LOGIN.BTN_ACCOUNT}</arg>
<arg>6</arg>
<doc>Waits until the element ``locator`` is visible.</doc>
<status status="PASS" starttime="20240219 14:16:22.908" endtime="20240219 14:16:22.947"/>
</kw>
<kw name="Click Element" library="SeleniumLibrary">
<arg>${LOGIN.BTN_ACCOUNT}</arg>
<doc>Click the element identified by ``locator``.</doc>
<msg timestamp="20240219 14:16:22.950" level="INFO">Clicking element 'xpath://*[@id="header"]/div[2]/div/div/nav/div[1]/a/span'.</msg>
<status status="PASS" starttime="20240219 14:16:22.947" endtime="20240219 14:16:24.013"/>
</kw>
<kw name="Click Element" library="SeleniumLibrary">
<arg>${LOGIN.BTN_MY_ADRESS}</arg>
<doc>Click the element identified by ``locator``.</doc>
<msg timestamp="20240219 14:16:24.023" level="INFO">Clicking element 'xpath://*[@id="center_column"]/div/div/ul/li[3]/a/span'.</msg>
<status status="PASS" starttime="20240219 14:16:24.013" endtime="20240219 14:16:24.561"/>
</kw>
<kw name="Click Element" library="SeleniumLibrary">
<arg>${LOGIN.BTN_DELETE_ADRESS}</arg>
<doc>Click the element identified by ``locator``.</doc>
<msg timestamp="20240219 14:16:24.561" level="INFO">Clicking element 'xpath://*[@id="center_column"]/div[1]/div/div/ul/li[9]/a[2]/span'.</msg>
<status status="PASS" starttime="20240219 14:16:24.561" endtime="20240219 14:16:24.673"/>
</kw>
<kw name="Handle Alert" library="SeleniumLibrary">
<doc>Handles the current alert and returns its message.</doc>
<msg timestamp="20240219 14:16:24.676" level="INFO">HANDLE::&lt;class 'NoneType'&gt;::None</msg>
<status status="PASS" starttime="20240219 14:16:24.676" endtime="20240219 14:16:24.688"/>
</kw>
<kw name="Page Should Contain" library="SeleniumLibrary">
<arg>Product successfully added to your shopping cart</arg>
<doc>Verifies that current page contains ``text``.</doc>
<msg timestamp="20240219 14:16:24.725" level="INFO">Current page contains text 'Product successfully added to your shopping cart'.</msg>
<status status="PASS" starttime="20240219 14:16:24.688" endtime="20240219 14:16:24.725"/>
</kw>
<status status="PASS" starttime="20240219 14:16:22.908" endtime="20240219 14:16:24.725"/>
</kw>
<kw name="Fechar navegador" library="setup" type="TEARDOWN">
<kw name="Close Browser" library="SeleniumLibrary">
<doc>Closes the current browser.</doc>
<status status="PASS" starttime="20240219 14:16:24.725" endtime="20240219 14:16:27.960"/>
</kw>
<status status="PASS" starttime="20240219 14:16:24.725" endtime="20240219 14:16:27.960"/>
</kw>
<status status="PASS" starttime="20240219 14:15:48.592" endtime="20240219 14:16:27.961"/>
</test>
<doc>Teste</doc>
<status status="PASS" starttime="20240219 14:15:48.393" endtime="20240219 14:16:27.965"/>
</suite>
<statistics>
<total>
<stat pass="1" fail="0" skip="0">All Tests</stat>
</total>
<tag>
</tag>
<suite>
<stat pass="1" fail="0" skip="0" id="s1" name="Teste">Teste</stat>
</suite>
</statistics>
<errors>
</errors>
</robot>
